# JRE version: OpenJDK Runtime Environment Temurin-16.0.2+7 (16.0.2+7) (build 16.0.2+7)
# Java VM: OpenJDK 64-Bit Server VM Temurin-16.0.2+7 (16.0.2+7, mixed mode, sharing, tiered, compressed oops, compressed class ptrs, g1 gc, windows-amd64)
GC Precious Log:
 CPUs: 8 total, 8 available
 Memory: 16317M
 Large Page Support: Disabled
 NUMA Support: Disabled
 Compressed Oops: Enabled (Zero based)
 Heap Region Size: 2M
 Heap Min Capacity: 8M
 Heap Initial Capacity: 256M
 Heap Max Capacity: 4080M
 Pre-touch: Disabled
 Parallel Workers: 8
 Concurrent Workers: 2
 Concurrent Refinement Workers: 8
 Periodic GC: Disabled
Heap:
 garbage-first heap   total 946176K, used 127532K [0x0000000701000000, 0x0000000800000000)
  region size 2048K, 7 young (14336K), 3 survivors (6144K)
 Metaspace       used 1024K, committed 1152K, reserved 1056768K
  class space    used 58K, committed 128K, reserved 1048576K
GC Heap History (18 events):
Event: 0.258 GC heap before
{Heap before GC invocations=0 (full 0):
 garbage-first heap   total 262144K, used 28672K [0x0000000701000000, 0x0000000800000000)
  region size 2048K, 11 young (22528K), 0 survivors (0K)
 Metaspace       used 853K, committed 960K, reserved 1056768K
  class space    used 55K, committed 128K, reserved 1048576K
}
Event: 0.265 GC heap after
{Heap after GC invocations=1 (full 0):
 garbage-first heap   total 262144K, used 19899K [0x0000000701000000, 0x0000000800000000)
  region size 2048K, 2 young (4096K), 2 survivors (4096K)
 Metaspace       used 853K, committed 960K, reserved 1056768K
  class space    used 55K, committed 128K, reserved 1048576K
}
Event: 0.279 GC heap before
{Heap before GC invocations=1 (full 0):
 garbage-first heap   total 262144K, used 34235K [0x0000000701000000, 0x0000000800000000)
  region size 2048K, 9 young (18432K), 2 survivors (4096K)
 Metaspace       used 871K, committed 1024K, reserved 1056768K
  class space    used 56K, committed 128K, reserved 1048576K
}
Event: 0.283 GC heap after
{Heap after GC invocations=2 (full 0):
 garbage-first heap   total 262144K, used 21063K [0x0000000701000000, 0x0000000800000000)
  region size 2048K, 1 young (2048K), 1 survivors (2048K)
 Metaspace       used 871K, committed 1024K, reserved 1056768K
  class space    used 56K, committed 128K, reserved 1048576K
}
Event: 0.316 GC heap before
{Heap before GC invocations=2 (full 0):
 garbage-first heap   total 262144K, used 68167K [0x0000000701000000, 0x0000000800000000)
  region size 2048K, 24 young (49152K), 1 survivors (2048K)
 Metaspace       used 898K, committed 1024K, reserved 1056768K
  class space    used 56K, committed 128K, reserved 1048576K
}
Event: 0.317 GC heap after
{Heap after GC invocations=3 (full 0):
 garbage-first heap   total 262144K, used 21294K [0x0000000701000000, 0x0000000800000000)
  region size 2048K, 1 young (2048K), 1 survivors (2048K)
 Metaspace       used 898K, committed 1024K, reserved 1056768K
  class space    used 56K, committed 128K, reserved 1048576K
}
Event: 0.406 GC heap before
{Heap before GC invocations=3 (full 0):
 garbage-first heap   total 262144K, used 174894K [0x0000000701000000, 0x0000000800000000)
  region size 2048K, 76 young (155648K), 1 survivors (2048K)
 Metaspace       used 907K, committed 1024K, reserved 1056768K
  class space    used 56K, committed 128K, reserved 1048576K
}
Event: 0.410 GC heap after
{Heap after GC invocations=4 (full 0):
 garbage-first heap   total 262144K, used 23023K [0x0000000701000000, 0x0000000800000000)
  region size 2048K, 2 young (4096K), 2 survivors (4096K)
 Metaspace       used 907K, committed 1024K, reserved 1056768K
  class space    used 56K, committed 128K, reserved 1048576K
}
Event: 0.444 GC heap before
{Heap before GC invocations=4 (full 0):
 garbage-first heap   total 262144K, used 174575K [0x0000000701000000, 0x0000000800000000)
  region size 2048K, 76 young (155648K), 2 survivors (4096K)
 Metaspace       used 917K, committed 1024K, reserved 1056768K
  class space    used 56K, committed 128K, reserved 1048576K
}
Event: 0.450 GC heap after
{Heap after GC invocations=5 (full 0):
 garbage-first heap   total 481280K, used 25067K [0x0000000701000000, 0x0000000800000000)
  region size 2048K, 3 young (6144K), 3 survivors (6144K)
 Metaspace       used 917K, committed 1024K, reserved 1056768K
  class space    used 56K, committed 128K, reserved 1048576K
}
Event: 0.555 GC heap before
{Heap before GC invocations=5 (full 0):
 garbage-first heap   total 481280K, used 307691K [0x0000000701000000, 0x0000000800000000)
  region size 2048K, 141 young (288768K), 3 survivors (6144K)
 Metaspace       used 929K, committed 1024K, reserved 1056768K
  class space    used 56K, committed 128K, reserved 1048576K
}
Event: 0.561 GC heap after
{Heap after GC invocations=6 (full 0):
 garbage-first heap   total 481280K, used 28599K [0x0000000701000000, 0x0000000800000000)
  region size 2048K, 4 young (8192K), 4 survivors (8192K)
 Metaspace       used 929K, committed 1024K, reserved 1056768K
  class space    used 56K, committed 128K, reserved 1048576K
}
Event: 0.643 GC heap before
{Heap before GC invocations=6 (full 0):
 garbage-first heap   total 481280K, used 309175K [0x0000000701000000, 0x0000000800000000)
  region size 2048K, 141 young (288768K), 4 survivors (8192K)
 Metaspace       used 950K, committed 1088K, reserved 1056768K
  class space    used 56K, committed 128K, reserved 1048576K
}
Event: 0.649 GC heap after
{Heap after GC invocations=7 (full 0):
 garbage-first heap   total 481280K, used 32545K [0x0000000701000000, 0x0000000800000000)
  region size 2048K, 6 young (12288K), 6 survivors (12288K)
 Metaspace       used 950K, committed 1088K, reserved 1056768K
  class space    used 56K, committed 128K, reserved 1048576K
}
Event: 0.716 GC heap before
{Heap before GC invocations=7 (full 0):
 garbage-first heap   total 481280K, used 309025K [0x0000000701000000, 0x0000000800000000)
  region size 2048K, 141 young (288768K), 6 survivors (12288K)
 Metaspace       used 950K, committed 1088K, reserved 1056768K
  class space    used 56K, committed 128K, reserved 1048576K
}
Event: 0.723 GC heap after
{Heap after GC invocations=8 (full 0):
 garbage-first heap   total 481280K, used 36284K [0x0000000701000000, 0x0000000800000000)
  region size 2048K, 8 young (16384K), 8 survivors (16384K)
 Metaspace       used 950K, committed 1088K, reserved 1056768K
  class space    used 56K, committed 128K, reserved 1048576K
}
Event: 464.912 GC heap before
{Heap before GC invocations=8 (full 0):
 garbage-first heap   total 481280K, used 185788K [0x0000000701000000, 0x0000000800000000)
  region size 2048K, 39 young (79872K), 8 survivors (16384K)
 Metaspace       used 1023K, committed 1152K, reserved 1056768K
  class space    used 58K, committed 128K, reserved 1048576K
}
Event: 465.003 GC heap after
{Heap after GC invocations=9 (full 0):
 garbage-first heap   total 946176K, used 121388K [0x0000000701000000, 0x0000000800000000)
  region size 2048K, 3 young (6144K), 3 survivors (6144K)
 Metaspace       used 1023K, committed 1152K, reserved 1056768K
  class space    used 58K, committed 128K, reserved 1048576K
}

